[ 2017-01-02T12:39:15+08:00 ] 127.0.0.1 /
NOTIC: [8] Use of undefined constant ADDON_PUBLIC_PATH - assumed 'ADDON_PUBLIC_PATH' E:\ÍøÕ¾\weiphp\Application\Home\Conf\config.php ç¬¬ 65 è¡Œ.
INFO: [ app_init ] --START--
INFO: Run Behavior\BuildLiteBehavior [ RunTime:0.000011s ]
ERR: SQLSTATE[HY000] [2002] ÓÉÓÚÄ¿±ê¼ÆËã»ú»ý¼«¾Ü¾ø£¬ÎÞ·¨Á¬½Ó¡£


[ 2017-01-02T12:39:26+08:00 ] 127.0.0.1 /
NOTIC: [8] Use of undefined constant ADDON_PUBLIC_PATH - assumed 'ADDON_PUBLIC_PATH' E:\ÍøÕ¾\weiphp\Application\Home\Conf\config.php ç¬¬ 65 è¡Œ.
INFO: [ app_init ] --START--
INFO: Run Behavior\BuildLiteBehavior [ RunTime:0.000007s ]
ERR: SQLSTATE[HY000] [2002] ÓÉÓÚÄ¿±ê¼ÆËã»ú»ý¼«¾Ü¾ø£¬ÎÞ·¨Á¬½Ó¡£


[ 2017-01-02T12:39:50+08:00 ] 127.0.0.1 /
NOTIC: [8] Use of undefined constant ADDON_PUBLIC_PATH - assumed 'ADDON_PUBLIC_PATH' E:\ÍøÕ¾\weiphp\Application\Home\Conf\config.php ç¬¬ 65 è¡Œ.
INFO: [ app_init ] --START--
INFO: Run Behavior\BuildLiteBehavior [ RunTime:0.000006s ]
ERR: SQLSTATE[HY000] [2002] ÓÉÓÚÄ¿±ê¼ÆËã»ú»ý¼«¾Ü¾ø£¬ÎÞ·¨Á¬½Ó¡£


[ 2017-01-02T12:40:10+08:00 ] 127.0.0.1 /
NOTIC: [8] Use of undefined constant ADDON_PUBLIC_PATH - assumed 'ADDON_PUBLIC_PATH' E:\ÍøÕ¾\weiphp\Application\Home\Conf\config.php ç¬¬ 65 è¡Œ.
INFO: [ app_init ] --START--
INFO: Run Behavior\BuildLiteBehavior [ RunTime:0.000009s ]
ERR: SQLSTATE[HY000] [2002] ÓÉÓÚÄ¿±ê¼ÆËã»ú»ý¼«¾Ü¾ø£¬ÎÞ·¨Á¬½Ó¡£


[ 2017-01-02T12:40:31+08:00 ] 127.0.0.1 /
NOTIC: [8] Use of undefined constant ADDON_PUBLIC_PATH - assumed 'ADDON_PUBLIC_PATH' E:\ÍøÕ¾\weiphp\Application\Home\Conf\config.php ç¬¬ 65 è¡Œ.
INFO: [ app_init ] --START--
INFO: Run Behavior\BuildLiteBehavior [ RunTime:0.000009s ]
ERR: SQLSTATE[HY000] [2002] ÓÉÓÚÄ¿±ê¼ÆËã»ú»ý¼«¾Ü¾ø£¬ÎÞ·¨Á¬½Ó¡£


[ 2017-01-02T12:40:42+08:00 ] 127.0.0.1 /
NOTIC: [8] Use of undefined constant ADDON_PUBLIC_PATH - assumed 'ADDON_PUBLIC_PATH' E:\ÍøÕ¾\weiphp\Application\Home\Conf\config.php ç¬¬ 65 è¡Œ.
INFO: [ app_init ] --START--
INFO: Run Behavior\BuildLiteBehavior [ RunTime:0.000010s ]
ERR: SQLSTATE[HY000] [2002] ÓÉÓÚÄ¿±ê¼ÆËã»ú»ý¼«¾Ü¾ø£¬ÎÞ·¨Á¬½Ó¡£


[ 2017-01-02T12:40:53+08:00 ] 127.0.0.1 /
NOTIC: [8] Use of undefined constant ADDON_PUBLIC_PATH - assumed 'ADDON_PUBLIC_PATH' E:\ÍøÕ¾\weiphp\Application\Home\Conf\config.php ç¬¬ 65 è¡Œ.
INFO: [ app_init ] --START--
INFO: Run Behavior\BuildLiteBehavior [ RunTime:0.000006s ]
ERR: SQLSTATE[HY000] [2002] ÓÉÓÚÄ¿±ê¼ÆËã»ú»ý¼«¾Ü¾ø£¬ÎÞ·¨Á¬½Ó¡£


[ 2017-01-02T12:41:55+08:00 ] 127.0.0.1 /
NOTIC: [8] Use of undefined constant ADDON_PUBLIC_PATH - assumed 'ADDON_PUBLIC_PATH' E:\ÍøÕ¾\weiphp\Application\Home\Conf\config.php ç¬¬ 65 è¡Œ.
INFO: [ app_init ] --START--
INFO: Run Behavior\BuildLiteBehavior [ RunTime:0.000013s ]
ERR: SQLSTATE[HY000] [2002] ÓÉÓÚÄ¿±ê¼ÆËã»ú»ý¼«¾Ü¾ø£¬ÎÞ·¨Á¬½Ó¡£


[ 2017-01-02T12:42:06+08:00 ] 127.0.0.1 /
NOTIC: [8] Use of undefined constant ADDON_PUBLIC_PATH - assumed 'ADDON_PUBLIC_PATH' E:\ÍøÕ¾\weiphp\Application\Home\Conf\config.php ç¬¬ 65 è¡Œ.
INFO: [ app_init ] --START--
INFO: Run Behavior\BuildLiteBehavior [ RunTime:0.000010s ]
ERR: SQLSTATE[HY000] [2002] ÓÉÓÚÄ¿±ê¼ÆËã»ú»ý¼«¾Ü¾ø£¬ÎÞ·¨Á¬½Ó¡£


[ 2017-01-02T12:42:17+08:00 ] 127.0.0.1 /
NOTIC: [8] Use of undefined constant ADDON_PUBLIC_PATH - assumed 'ADDON_PUBLIC_PATH' E:\ÍøÕ¾\weiphp\Application\Home\Conf\config.php ç¬¬ 65 è¡Œ.
INFO: [ app_init ] --START--
INFO: Run Behavior\BuildLiteBehavior [ RunTime:0.000010s ]
ERR: SQLSTATE[HY000] [2002] ÓÉÓÚÄ¿±ê¼ÆËã»ú»ý¼«¾Ü¾ø£¬ÎÞ·¨Á¬½Ó¡£


[ 2017-01-02T12:43:40+08:00 ] 127.0.0.1 /
NOTIC: [8] Use of undefined constant ADDON_PUBLIC_PATH - assumed 'ADDON_PUBLIC_PATH' E:\ÍøÕ¾\weiphp\Application\Home\Conf\config.php ç¬¬ 65 è¡Œ.
INFO: [ app_init ] --START--
INFO: Run Behavior\BuildLiteBehavior [ RunTime:0.000007s ]
ERR: SQLSTATE[HY000] [2002] ÓÉÓÚÄ¿±ê¼ÆËã»ú»ý¼«¾Ü¾ø£¬ÎÞ·¨Á¬½Ó¡£


[ 2017-01-02T12:43:51+08:00 ] 127.0.0.1 /
NOTIC: [8] Use of undefined constant ADDON_PUBLIC_PATH - assumed 'ADDON_PUBLIC_PATH' E:\ÍøÕ¾\weiphp\Application\Home\Conf\config.php ç¬¬ 65 è¡Œ.
INFO: [ app_init ] --START--
INFO: Run Behavior\BuildLiteBehavior [ RunTime:0.000009s ]
ERR: SQLSTATE[HY000] [2002] ÓÉÓÚÄ¿±ê¼ÆËã»ú»ý¼«¾Ü¾ø£¬ÎÞ·¨Á¬½Ó¡£


[ 2017-01-02T12:44:02+08:00 ] 127.0.0.1 /
NOTIC: [8] Use of undefined constant ADDON_PUBLIC_PATH - assumed 'ADDON_PUBLIC_PATH' E:\ÍøÕ¾\weiphp\Application\Home\Conf\config.php ç¬¬ 65 è¡Œ.
INFO: [ app_init ] --START--
INFO: Run Behavior\BuildLiteBehavior [ RunTime:0.000006s ]
ERR: SQLSTATE[HY000] [2002] ÓÉÓÚÄ¿±ê¼ÆËã»ú»ý¼«¾Ü¾ø£¬ÎÞ·¨Á¬½Ó¡£


[ 2017-01-02T23:11:59+08:00 ] 127.0.0.1 /
NOTIC: [8] Use of undefined constant ADDON_PUBLIC_PATH - assumed 'ADDON_PUBLIC_PATH' E:\ÍøÕ¾\weiphp\Application\Home\Conf\config.php ç¬¬ 65 è¡Œ.
INFO: [ app_init ] --START--
INFO: Run Behavior\BuildLiteBehavior [ RunTime:0.000018s ]
ERR: SQLSTATE[HY000] [2002] ÓÉÓÚÄ¿±ê¼ÆËã»ú»ý¼«¾Ü¾ø£¬ÎÞ·¨Á¬½Ó¡£


[ 2017-01-02T23:12:10+08:00 ] 127.0.0.1 /
NOTIC: [8] Use of undefined constant ADDON_PUBLIC_PATH - assumed 'ADDON_PUBLIC_PATH' E:\ÍøÕ¾\weiphp\Application\Home\Conf\config.php ç¬¬ 65 è¡Œ.
INFO: [ app_init ] --START--
INFO: Run Behavior\BuildLiteBehavior [ RunTime:0.000007s ]
ERR: SQLSTATE[HY000] [2002] ÓÉÓÚÄ¿±ê¼ÆËã»ú»ý¼«¾Ü¾ø£¬ÎÞ·¨Á¬½Ó¡£


[ 2017-01-02T23:12:21+08:00 ] 127.0.0.1 /
NOTIC: [8] Use of undefined constant ADDON_PUBLIC_PATH - assumed 'ADDON_PUBLIC_PATH' E:\ÍøÕ¾\weiphp\Application\Home\Conf\config.php ç¬¬ 65 è¡Œ.
INFO: [ app_init ] --START--
INFO: Run Behavior\BuildLiteBehavior [ RunTime:0.000007s ]
ERR: SQLSTATE[HY000] [2002] ÓÉÓÚÄ¿±ê¼ÆËã»ú»ý¼«¾Ü¾ø£¬ÎÞ·¨Á¬½Ó¡£


